<?xml version="1.0" encoding="UTF-8"?>
<!-- Generated by org.testng.reporters.JUnitReportReporter -->
<testsuite skipped="0" hostname="Richa-PC" name="com.amazonShopping.testCases.TC_LoginTest_001" tests="1" failures="0" timestamp="25 Mar 2020 19:14:18 GMT" time="9.607" errors="0">
  <testcase name="loginTest" time="9.607" classname="com.amazonShopping.testCases.TC_LoginTest_001"/>
</testsuite> <!-- com.amazonShopping.testCases.TC_LoginTest_001 -->
